<?xml version="1.0" encoding="UTF-8"?>
<!-- Generated by org.testng.reporters.JUnitReportReporter -->
<testsuite ignored="2" hostname="TGU1DELL0095" failures="0" tests="1" name="sample1234.test" time="0.006" errors="0" timestamp="17 Dec 2021 03:46:17 GMT" skipped="0">
  <testcase classname="sample1234.test" name="LoginToAmazon" time="0.006"/>
  <testcase classname="sample1234.Test2" name="test">
    <skipped/>
  </testcase> <!-- test -->
  <testcase classname="sample1234.test232" name="test">
    <skipped/>
  </testcase> <!-- test -->
</testsuite> <!-- sample1234.test -->
