<?xml version="1.0" encoding="UTF-8"?>
<!-- Generated by org.testng.reporters.JUnitReportReporter -->
<testsuite ignored="0" hostname="TGU1DELL0095" failures="0" tests="1" name="com.herokuapp.tests.test" time="0.000" errors="0" timestamp="23 Dec 2021 18:00:00 GMT" skipped="0">
  <testcase classname="com.herokuapp.tests.test" name="LoginToAmazon" time="0.000"/>
</testsuite> <!-- com.herokuapp.tests.test -->
