<?xml version="1.0" encoding="UTF-8"?>
<!-- Generated by org.testng.reporters.JUnitReportReporter -->
<testsuite hostname="TGU1DELL0095" failures="0" tests="1" name="com.herokuapp.tests.LoginTest" time="0.888" errors="0" timestamp="2022-01-04T08:46:12 IST" skipped="0">
  <testcase classname="com.herokuapp.tests.LoginTest" name="verifyLogin" time="0.888"/>
  <system-out/>
</testsuite> <!-- com.herokuapp.tests.LoginTest -->
