<?xml version="1.0" encoding="UTF-8"?>
<!-- Generated by org.testng.reporters.JUnitReportReporter -->
<testsuite hostname="TGU1DELL0095" failures="0" tests="1" name="com.herokuapp.tests.LoginTest" time="1.259" errors="0" timestamp="2021-12-29T08:59:47 IST" skipped="0">
  <testcase classname="com.herokuapp.tests.LoginTest" name="verifyLogin" time="1.259"/>
  <system-out/>
</testsuite> <!-- com.herokuapp.tests.LoginTest -->
