<?xml version="1.0" encoding="UTF-8"?>
<!-- Generated by org.testng.reporters.JUnitReportReporter -->
<testsuite ignored="0" hostname="TGU1DELL0095" failures="0" tests="1" name="sample1234.Test2" time="0.005" errors="0" timestamp="21 Dec 2021 03:46:19 GMT" skipped="0">
  <testcase classname="sample1234.Test2" name="test" time="0.005"/>
</testsuite> <!-- sample1234.Test2 -->
