<?xml version="1.0" encoding="UTF-8"?>
<!-- Generated by org.testng.reporters.JUnitReportReporter -->
<testsuite name="com.herokuapp.tests.LoginTest" tests="1" time="1.050" ignored="0" failures="0" timestamp="05 Jan 2022 03:39:56 GMT" skipped="0" hostname="TGU1DELL0095" errors="0">
  <testcase name="verifyLogin" time="1.050" classname="com.herokuapp.tests.LoginTest"/>
</testsuite> <!-- com.herokuapp.tests.LoginTest -->
