<?xml version="1.0" encoding="UTF-8"?>
<!-- Generated by org.testng.reporters.JUnitReportReporter -->
<testsuite ignored="0" hostname="TGU1DELL0095" failures="0" tests="1" name="com.herokuapp.tests.Test2" time="0.000" errors="0" timestamp="23 Dec 2021 17:57:50 GMT" skipped="0">
  <testcase classname="com.herokuapp.tests.Test2" name="test" time="0.000"/>
</testsuite> <!-- com.herokuapp.tests.Test2 -->
